<?xml version="1.0" encoding="UTF-8"?>
<testsuite xmlns:xsi="http://www.w3.org/2001/XMLSchema-instance" xsi:noNamespaceSchemaLocation="https://maven.apache.org/surefire/maven-surefire-plugin/xsd/surefire-test-report-3.0.xsd" version="3.0" name="com.hystrix.dashboad.HystrixDashboardApplicationTests" time="6.781" tests="1" errors="0" skipped="0" failures="0">
  <properties>
[...]
</properties>
  <testcase name="contextLoads" classname="com.hystrix.dashboad.HystrixDashboardApplicationTests" time="1.381">
    <system-out><![CDATA[22:41:10.999 [main] INFO org.springframework.test.context.support.AnnotationConfigContextLoaderUtils -- Could not detect default configuration classes for test class [com.hystrix.dashboad.HystrixDashboardApplicationTests]: HystrixDashboardApplicationTests does not declare any static, non-private, non-final, nested classes annotated with @Configuration.
22:41:11.134 [main] INFO org.springframework.boot.test.context.SpringBootTestContextBootstrapper -- Found @SpringBootConfiguration com.hystrix.dashboad.HystrixDashboardApplication for test class com.hystrix.dashboad.HystrixDashboardApplicationTests

  .   ____          _            __ _ _
 /\\ / ___'_ __ _ _(_)_ __  __ _ \ \ \ \
( ( )\___ | '_ | '_| | '_ \/ _` | \ \ \ \
 \\/  ___)| |_)| | | | | || (_| |  ) ) ) )
  '  |____| .__|_| |_|_| |_\__, | / / / /
 =========|_|==============|___/=/_/_/_/
 :: Spring Boot ::                (v3.1.4)

2024-11-15T22:41:12.918+05:30  INFO 1281640 --- [           main] c.c.c.ConfigServicePropertySourceLocator : Fetching config from server at : http://localhost:8286
2024-11-15T22:41:13.074+05:30  INFO 1281640 --- [           main] c.c.c.ConfigServicePropertySourceLocator : Exception on Url - http://localhost:8286:org.springframework.web.client.ResourceAccessException: I/O error on GET request for "http://localhost:8286/HYSTRIX-DASHBOARD/default": Connection refused: no further information. Will be trying the next url if available
2024-11-15T22:41:13.074+05:30  WARN 1281640 --- [           main] c.c.c.ConfigServicePropertySourceLocator : Could not locate PropertySource: I/O error on GET request for "http://localhost:8286/HYSTRIX-DASHBOARD/default": Connection refused: no further information
2024-11-15T22:41:13.094+05:30  INFO 1281640 --- [           main] c.h.d.HystrixDashboardApplicationTests   : No active profile set, falling back to 1 default profile: "default"
2024-11-15T22:41:14.021+05:30  INFO 1281640 --- [           main] o.s.cloud.context.scope.GenericScope     : BeanFactory id=0acc8d62-3654-36a5-a8be-bc896c45d19a
2024-11-15T22:41:15.184+05:30  INFO 1281640 --- [           main] DiscoveryClientOptionalArgsConfiguration : Eureka HTTP Client uses RestTemplate.
2024-11-15T22:41:15.396+05:30  WARN 1281640 --- [           main] iguration$LoadBalancerCaffeineWarnLogger : Spring Cloud LoadBalancer is currently working with the default cache. While this cache implementation is useful for development and tests, it's recommended to use Caffeine cache in production.You can switch to using Caffeine cache, by adding it and org.springframework.cache.caffeine.CaffeineCacheManager to the classpath.
2024-11-15T22:41:15.424+05:30  INFO 1281640 --- [           main] o.s.c.n.eureka.InstanceInfoFactory       : Setting initial instance status as: STARTING
2024-11-15T22:41:15.533+05:30  INFO 1281640 --- [           main] com.netflix.discovery.DiscoveryClient    : Initializing Eureka in region us-east-1
2024-11-15T22:41:15.543+05:30  INFO 1281640 --- [           main] c.n.d.s.r.aws.ConfigClusterResolver      : Resolving eureka endpoints via configuration
2024-11-15T22:41:15.567+05:30  INFO 1281640 --- [           main] com.netflix.discovery.DiscoveryClient    : Disable delta property : false
2024-11-15T22:41:15.567+05:30  INFO 1281640 --- [           main] com.netflix.discovery.DiscoveryClient    : Single vip registry refresh property : null
2024-11-15T22:41:15.568+05:30  INFO 1281640 --- [           main] com.netflix.discovery.DiscoveryClient    : Force full registry fetch : false
2024-11-15T22:41:15.568+05:30  INFO 1281640 --- [           main] com.netflix.discovery.DiscoveryClient    : Application is null : false
2024-11-15T22:41:15.568+05:30  INFO 1281640 --- [           main] com.netflix.discovery.DiscoveryClient    : Registered Applications size is zero : true
2024-11-15T22:41:15.568+05:30  INFO 1281640 --- [           main] com.netflix.discovery.DiscoveryClient    : Application version is -1: true
2024-11-15T22:41:15.568+05:30  INFO 1281640 --- [           main] com.netflix.discovery.DiscoveryClient    : Getting all instance registry info from the eureka server
2024-11-15T22:41:16.073+05:30  INFO 1281640 --- [           main] com.netflix.discovery.DiscoveryClient    : The response status is 200
2024-11-15T22:41:16.078+05:30  INFO 1281640 --- [           main] com.netflix.discovery.DiscoveryClient    : Starting heartbeat executor: renew interval is: 30
2024-11-15T22:41:16.082+05:30  INFO 1281640 --- [           main] c.n.discovery.InstanceInfoReplicator     : InstanceInfoReplicator onDemand update allowed rate per min is 4
2024-11-15T22:41:16.090+05:30  INFO 1281640 --- [           main] com.netflix.discovery.DiscoveryClient    : Discovery Client initialized at timestamp 1731690676089 with initial instances count: 2
2024-11-15T22:41:16.093+05:30  INFO 1281640 --- [           main] o.s.c.n.e.s.EurekaServiceRegistry        : Registering application HYSTRIX-DASHBOARD with eureka with status UP
2024-11-15T22:41:16.094+05:30  INFO 1281640 --- [           main] com.netflix.discovery.DiscoveryClient    : Saw local status change event StatusChangeEvent [timestamp=1731690676094, current=UP, previous=STARTING]
2024-11-15T22:41:16.098+05:30  INFO 1281640 --- [nfoReplicator-0] com.netflix.discovery.DiscoveryClient    : DiscoveryClient_HYSTRIX-DASHBOARD/LAPTOP-7TBIF80V.bwrouter:HYSTRIX-DASHBOARD:8285: registering service...
2024-11-15T22:41:16.112+05:30  INFO 1281640 --- [           main] c.h.d.HystrixDashboardApplicationTests   : Started HystrixDashboardApplicationTests in 4.75 seconds (process running for 6.293)
2024-11-15T22:41:16.175+05:30  INFO 1281640 --- [nfoReplicator-0] com.netflix.discovery.DiscoveryClient    : DiscoveryClient_HYSTRIX-DASHBOARD/LAPTOP-7TBIF80V.bwrouter:HYSTRIX-DASHBOARD:8285 - registration status: 204
]]></system-out>
  </testcase>
</testsuite>